{
  "RSpec": {
    "coverage": {
      "/home/vadim/Dropbox/RELEASED/test_asign/app/controllers/main.rb": [
        1,
        null,
        1,
        1,
        null,
        null,
        1,
        1,
        1,
        null,
        null,
        1,
        2,
        null,
        2,
        2,
        2,
        2,
        2,
        2,
        null,
        null,
        1,
        5,
        5,
        4,
        4,
        4,
        1,
        1,
        1,
        null,
        2,
        2,
        null,
        null,
        1,
        1,
        null,
        null,
        null,
        1,
        2,
        2,
        2,
        1,
        1,
        1,
        null,
        1,
        1,
        null,
        null
      ],
      "/home/vadim/Dropbox/RELEASED/test_asign/config/database.rb": [
        1,
        null,
        1,
        1,
        1,
        null,
        null,
        1,
        1,
        1,
        null,
        1,
        null,
        1,
        null,
        null,
        null,
        null,
        null,
        null,
        null,
        null
      ],
      "/home/vadim/Dropbox/RELEASED/test_asign/spec/models/messages_spec.rb": [
        1,
        null,
        1,
        1,
        1,
        1,
        null,
        1,
        1,
        1,
        null,
        null,
        1,
        1,
        1,
        1,
        1,
        null,
        null
      ],
      "/home/vadim/Dropbox/RELEASED/test_asign/app/models/message.rb": [
        1,
        1,
        null
      ]
    },
    "timestamp": 1479842362
  },
  "Unknown Test Framework": {
    "coverage": {
      "/home/vadim/Dropbox/RELEASED/test_asign/app/controllers/main.rb": [
        1,
        null,
        1,
        1,
        null,
        null,
        1,
        1,
        1,
        null,
        null,
        1,
        1,
        null,
        1,
        1,
        1,
        1,
        1,
        1,
        null,
        null,
        1,
        2,
        2,
        1,
        1,
        1,
        0,
        null,
        1,
        null,
        0,
        0,
        null,
        null,
        1,
        1,
        null,
        null,
        null,
        1,
        1,
        1,
        1,
        1,
        1,
        1,
        null,
        0,
        null,
        null
      ]
    },
    "timestamp": 1479840262
  }
}
