{
  "RSpec": {
    "coverage": {
      "/home/vadim/Dropbox/projects/test_asign/spec/factories/messages.rb": [
        1,
        1,
        1,
        1,
        1,
        1,
        1,
        null,
        null
      ],
      "/home/vadim/Dropbox/projects/test_asign/app/models/message.rb": [
        1,
        1,
        null
      ]
    },
    "timestamp": 1480690435
  },
  "Unknown Test Framework": {
    "coverage": {
      "/home/vadim/Dropbox/RELEASED/test_asign/app/controllers/main.rb": [
        1,
        0,
        null,
        null,
        1,
        1,
        1,
        null,
        null,
        1,
        1,
        1,
        null,
        1,
        1,
        1,
        1,
        1,
        1,
        null,
        0,
        0,
        null,
        null,
        null,
        1,
        0,
        0,
        0,
        0,
        0,
        0,
        0,
        0,
        null,
        0,
        0,
        null,
        null,
        0,
        0,
        null,
        null,
        null,
        1,
        0,
        0,
        0,
        0,
        0,
        0,
        null,
        0,
        0,
        null,
        null
      ],
      "/home/vadim/Dropbox/RELEASED/test_asign/config/database.rb": [
        1,
        null,
        1,
        1,
        1,
        null,
        null,
        1,
        1,
        1,
        null,
        1,
        null,
        1,
        null,
        null,
        null,
        null,
        null,
        null,
        null,
        null
      ],
      "/home/vadim/Dropbox/RELEASED/test_asign/app/models/message.rb": [
        1,
        1,
        null
      ]
    },
    "timestamp": 1480579809
  }
}
